Arguments: 
  C:\Program Files\nodejs\node.exe C:\Users\vselv\AppData\Roaming\npm\node_modules\yarn\bin\yarn.js add bootsrap

PATH: 
  C:\Program Files\Python37\Scripts\;C:\Program Files\Python37\;C:\Program Files\Microsoft MPI\Bin\;C:\Program Files (x86)\Intel\iCLS Client\;C:\Program Files\Intel\iCLS Client\;C:\windows\system32;C:\windows;C:\windows\System32\Wbem;C:\windows\System32\WindowsPowerShell\v1.0\;C:\Program Files (x86)\Intel\Intel(R) Management Engine Components\DAL;C:\Program Files\Intel\Intel(R) Management Engine Components\DAL;C:\Program Files (x86)\Intel\Intel(R) Management Engine Components\IPT;C:\Program Files\Intel\Intel(R) Management Engine Components\IPT;C:\Program Files (x86)\NVIDIA Corporation\PhysX\Common;C:\Program Files\Git\cmd;C:\Program Files\dotnet\;C:\Program Files\Microsoft SQL Server\130\Tools\Binn\;C:\Program Files\Intel\WiFi\bin\;C:\Program Files\Common Files\Intel\WirelessCommon\;C:\WINDOWS\system32;C:\WINDOWS;C:\WINDOWS\System32\Wbem;C:\WINDOWS\System32\WindowsPowerShell\v1.0\;C:\WINDOWS\System32\OpenSSH\;C:\Program Files\Microsoft VS Code\bin;C:\Program Files\nodejs\;C:\Users\vselv\AppData\Local\Microsoft\WindowsApps;C:\Program Files\Microsoft VS Code\bin;C:\Users\vselv\AppData\Local\GitHubDesktop\bin;C:\Users\vselv\AppData\Local\atom\bin;C:\Users\vselv\AppData\Local\Microsoft\WindowsApps;C:\Users\vselv\AppData\Roaming\npm

Yarn version: 
  1.9.4

Node version: 
  10.8.0

Platform: 
  win32 x64

Trace: 
  Error: https://registry.yarnpkg.com/bootsrap: Not found
      at Request.params.callback [as _callback] (C:\Users\vselv\AppData\Roaming\npm\node_modules\yarn\lib\cli.js:64202:18)
      at Request.self.callback (C:\Users\vselv\AppData\Roaming\npm\node_modules\yarn\lib\cli.js:137468:22)
      at Request.emit (events.js:182:13)
      at Request.<anonymous> (C:\Users\vselv\AppData\Roaming\npm\node_modules\yarn\lib\cli.js:138440:10)
      at Request.emit (events.js:182:13)
      at IncomingMessage.<anonymous> (C:\Users\vselv\AppData\Roaming\npm\node_modules\yarn\lib\cli.js:138362:12)
      at Object.onceWrapper (events.js:273:13)
      at IncomingMessage.emit (events.js:187:15)
      at endReadableNT (_stream_readable.js:1081:12)
      at process._tickCallback (internal/process/next_tick.js:63:19)

npm manifest: 
  {
    "name": "comp125-s2018-lesson12",
    "version": "1.0.0",
    "description": "NodeJS Example Project",
    "main": "index.js",
    "repository": {
      "type": "git",
      "url": "git+https://github.com/CentennialCollege/COMP125-S2018-Lesson12.git"
    },
    "author": "Tom Tsiliopoulos <tsiliopoulos@hotmail.com>",
    "license": "MIT",
    "bugs": {
      "url": "https://github.com/CentennialCollege/COMP125-S2018-Lesson12/issues"
    },
    "homepage": "https://github.com/CentennialCollege/COMP125-S2018-Lesson12#readme",
    "scripts": {
      "start": "node index.js"
    },
    "engines": {
      "node": ">10.0.0",
      "npm": ">6.1.0"
    },
    "devDependencies": {
      "@types/bootstrap": "^4.1.2",
      "@types/jquery": "^3.3.5",
      "@types/node": "^10.5.4"
    },
    "dependencies": {
      "bootstrap": "^4.1.3",
      "font-awesome": "^4.7.0",
      "jquery": "^3.3.1",
      "popper.js": "^1.14.3"
    }
  }

yarn manifest: 
  No manifest

Lockfile: 
  # THIS IS AN AUTOGENERATED FILE. DO NOT EDIT THIS FILE DIRECTLY.
  # yarn lockfile v1
  
  
  "@types/bootstrap@^4.1.2":
    version "4.1.2"
    resolved "https://registry.yarnpkg.com/@types/bootstrap/-/bootstrap-4.1.2.tgz#3d6a3ea111e88ca926803a0e02b1f3d4c9913a5b"
    dependencies:
      "@types/jquery" "*"
      popper.js "^1.14.1"
  
  "@types/jquery@*", "@types/jquery@^3.3.5":
    version "3.3.5"
    resolved "https://registry.yarnpkg.com/@types/jquery/-/jquery-3.3.5.tgz#75cfec8c5ee38355d14296ada7e7e2fb8bd3ac2f"
  
  "@types/node@^10.5.4":
    version "10.5.4"
    resolved "https://registry.yarnpkg.com/@types/node/-/node-10.5.4.tgz#6eccc158504357d1da91434d75e86acde94bb10b"
  
  bootstrap@^4.1.3:
    version "4.1.3"
    resolved "https://registry.yarnpkg.com/bootstrap/-/bootstrap-4.1.3.tgz#0eb371af2c8448e8c210411d0cb824a6409a12be"
  
  font-awesome@^4.7.0:
    version "4.7.0"
    resolved "https://registry.yarnpkg.com/font-awesome/-/font-awesome-4.7.0.tgz#8fa8cf0411a1a31afd07b06d2902bb9fc815a133"
  
  jquery@^3.3.1:
    version "3.3.1"
    resolved "https://registry.yarnpkg.com/jquery/-/jquery-3.3.1.tgz#958ce29e81c9790f31be7792df5d4d95fc57fbca"
  
  popper.js@^1.14.1, popper.js@^1.14.3:
    version "1.14.3"
    resolved "https://registry.yarnpkg.com/popper.js/-/popper.js-1.14.3.tgz#1438f98d046acf7b4d78cd502bf418ac64d4f095"
